<html>
<body>
<pre>
<h1>µVision Build Log</h1>
<h2>Project:</h2>
C:\Users\Soccerferrari\Desktop\Homework\2014-15\Spring\Rasware SVN\RegionV2015\Movement\Region V.uvproj
Project File Date:  04/12/2015

<h2>Output:</h2>
Rebuild target 'RASDemo'
compiling Startup.c...
compiling Main.c...
Main.c(179): warning:  #111-D: statement is unreachable
        explore();
Main.c(259): warning:  #550-D: variable "curve" was set but never used
        int curve[8];   
Main.c(353): warning:  #177-D: variable "i" was declared but never referenced
        int i;
Main.c(354): warning:  #177-D: variable "curve" was declared but never referenced
        int curve[8];   
Main.c(355): warning:  #177-D: variable "line" was declared but never referenced
        float line[8];
Main.c(356): warning:  #177-D: variable "curvetotal" was declared but never referenced
        int curvetotal;
Main.c(357): warning:  #177-D: variable "numLineSensor" was declared but never referenced
        int numLineSensor = 0;
Main.c: 7 warnings, 0 errors
linking...
Program Size: Code=26212 RO-data=2280 RW-data=856 ZI-data=13064  
".\RASDemo.axf" - 0 Error(s), 7 Warning(s).
Load "C:\\Users\\Soccerferrari\\Desktop\\Homework\\2014-15\\Spring\\Rasware SVN\\RegionV2015\\Movement\\RASDemo.axf" 
Connecting: Mode=JTAG, Speed=1000000Hz
Erase Done.
Programming Done.
Verify OK.
</pre>
</body>
</html>
G, Speed=1000000Hz
Erase Done.
Programming Done.
Verify OK.
ktop\\Homework\\2014-15\\Spring\\Rasware SVN\\RegionV2015\\Movement\\RASDemo.axf" 
Connecting: Mode=JTAG, Speed=1000000Hz
Erase Done.
Programming Done.
Verify OK.
            SetMotor(leftMotor,  0);
Main.c(434): error:  #40: expected an identifier
                SetMotor(rightMotor, 0);
Main.c(434): error:  #260-D: explicit type is missing ("int" assumed)
                SetMotor(rightMotor, 0);
Main.c(434): error:  #92: identifier-list parameters may only be used in a function definition
                SetMotor(rightMotor, 0);
Main.c(435): error:  #169: expected a declaration
  }
Main.c(455): warning: At end of source:  #12-D: parsing restarts here after previous syntax error
Main.c: 3 warnings, 15 errors
".\RASDemo.axf" - 15 Error(s), 3 Warning(s).
Target not created
